<?xml version="1.0" encoding="UTF-8"?>
<testsuite xmlns:xsi="http://www.w3.org/2001/XMLSchema-instance" xsi:noNamespaceSchemaLocation="https://maven.apache.org/surefire/maven-surefire-plugin/xsd/surefire-test-report-3.0.xsd" version="3.0" name="com.devops.example.AppTest" time="0.019" tests="1" errors="0" skipped="0" failures="0">
  <properties>
    <property name="java.specification.version" value="21"/>
    <property name="sun.cpu.isalist" value="amd64"/>
    <property name="sun.jnu.encoding" value="Cp1252"/>
    <property name="java.class.path" value="C:\Users\Sabeshragav\Stack\Devops\maven\myfirstsimpleapp\target\test-classes;C:\Users\Sabeshragav\Stack\Devops\maven\myfirstsimpleapp\target\classes;C:\Users\Sabeshragav\.m2\repository\junit\junit\3.8.1\junit-3.8.1.jar;"/>
    <property name="java.vm.vendor" value="Oracle Corporation"/>
    <property name="sun.arch.data.model" value="64"/>
    <property name="user.variant" value=""/>
    <property name="java.vendor.url" value="https://java.oracle.com/"/>
    <property name="user.timezone" value="Asia/Calcutta"/>
    <property name="os.name" value="Windows 11"/>
    <property name="java.vm.specification.version" value="21"/>
    <property name="sun.java.launcher" value="SUN_STANDARD"/>
    <property name="user.country" value="IN"/>
    <property name="sun.boot.library.path" value="C:\Program Files\Java\jdk-21\bin"/>
    <property name="sun.java.command" value="C:\Users\Sabeshragav\AppData\Local\Temp\surefire16172207090151163225\surefirebooter-20250619081050046_3.jar C:\Users\Sabeshragav\AppData\Local\Temp\surefire16172207090151163225 2025-06-19T08-10-49_951-jvmRun1 surefire-20250619081050046_1tmp surefire_0-20250619081050046_2tmp"/>
    <property name="jdk.debug" value="release"/>
    <property name="surefire.test.class.path" value="C:\Users\Sabeshragav\Stack\Devops\maven\myfirstsimpleapp\target\test-classes;C:\Users\Sabeshragav\Stack\Devops\maven\myfirstsimpleapp\target\classes;C:\Users\Sabeshragav\.m2\repository\junit\junit\3.8.1\junit-3.8.1.jar;"/>
    <property name="sun.cpu.endian" value="little"/>
    <property name="user.home" value="C:\Users\Sabeshragav"/>
    <property name="user.language" value="en"/>
    <property name="java.specification.vendor" value="Oracle Corporation"/>
    <property name="java.version.date" value="2024-10-15"/>
    <property name="java.home" value="C:\Program Files\Java\jdk-21"/>
    <property name="file.separator" value="\"/>
    <property name="basedir" value="C:\Users\Sabeshragav\Stack\Devops\maven\myfirstsimpleapp"/>
    <property name="java.vm.compressedOopsMode" value="Zero based"/>
    <property name="line.separator" value="&#10;"/>
    <property name="java.vm.specification.vendor" value="Oracle Corporation"/>
    <property name="java.specification.name" value="Java Platform API Specification"/>
    <property name="surefire.real.class.path" value="C:\Users\Sabeshragav\AppData\Local\Temp\surefire16172207090151163225\surefirebooter-20250619081050046_3.jar"/>
    <property name="user.script" value=""/>
    <property name="sun.management.compiler" value="HotSpot 64-Bit Tiered Compilers"/>
    <property name="java.runtime.version" value="21.0.5+9-LTS-239"/>
    <property name="user.name" value="Sabeshragav"/>
    <property name="stdout.encoding" value="Cp1252"/>
    <property name="path.separator" value=";"/>
    <property name="os.version" value="10.0"/>
    <property name="java.runtime.name" value="Java(TM) SE Runtime Environment"/>
    <property name="file.encoding" value="UTF-8"/>
    <property name="java.vm.name" value="Java HotSpot(TM) 64-Bit Server VM"/>
    <property name="localRepository" value="C:\Users\Sabeshragav\.m2\repository"/>
    <property name="java.vendor.url.bug" value="https://bugreport.java.com/bugreport/"/>
    <property name="java.io.tmpdir" value="C:\Users\SABESH~1\AppData\Local\Temp\"/>
    <property name="java.version" value="21.0.5"/>
    <property name="user.dir" value="C:\Users\Sabeshragav\Stack\Devops\maven\myfirstsimpleapp"/>
    <property name="os.arch" value="amd64"/>
    <property name="java.vm.specification.name" value="Java Virtual Machine Specification"/>
    <property name="sun.os.patch.level" value=""/>
    <property name="native.encoding" value="Cp1252"/>
    <property name="java.library.path" value="C:\Program Files\Java\jdk-21\bin;C:\WINDOWS\Sun\Java\bin;C:\WINDOWS\system32;C:\WINDOWS;c:\Users\Sabeshragav\AppData\Local\Programs\cursor\resources\app\bin;C:\Program Files\Common Files\Oracle\Java\javapath;C:\Program Files\Microsoft MPI\Bin\;C:\Windows\system32;C:\Windows;C:\Windows\System32\Wbem;C:\Windows\System32\WindowsPowerShell\v1.0\;C:\Windows\System32\OpenSSH\;C:\Program Files (x86)\NVIDIA Corporation\PhysX\Common;C:\MinGW\bin;C:\Program Files\NVIDIA Corporation\NVIDIA app\NvDLISR;C:\Program Files\Git\cmd;C:\Users\Sabeshragav\AppData\Local\Programs\Python\Python312\Lib\site-packages\;C:\Program Files\PostgreSQL\17\bin;C:\Program Files\apache-maven-3.9.9\bin;C:\Program Files\Java\jdk-21\bin;C:\Users\Sabeshragav\AppData\Local\Programs\Python\Python312\Scripts\;C:\Users\Sabeshragav\AppData\Local\Programs\Python\Python312\;C:\Users\Sabeshragav\AppData\Local\Programs\Python\Launcher\;C:\Users\Sabeshragav\AppData\Local\Microsoft\WindowsApps;C:\Users\Sabeshragav\AppData\Roaming\npm;C:\Users\Sabeshragav\AppData\Local\Programs\mongosh\;C:\Program Files\Docker\Docker\resources\bin;C:\Program Files\gradle-8.13\bin;C:\Program Files\poppler-24.08.0\Library\bin;C:\Program Files\Tesseract-OCR;C:\Program Files\nodejs\;%SystemRoot%\system32;%SystemRoot%;%SystemRoot%\System32\Wbem;%SYSTEMROOT%\System32\WindowsPowerShell\v1.0\;%SYSTEMROOT%\System32\OpenSSH\;C:\Users\Sabeshragav\AppData\Local\Programs\Python\Python312\Scripts\;C:\Users\Sabeshragav\AppData\Local\Programs\Python\Python312\;C:\Users\Sabeshragav\AppData\Local\Programs\Python\Launcher\;C:\Users\Sabeshragav\AppData\Local\Microsoft\WindowsApps;C:\Users\Sabeshragav\AppData\Local\Programs\Microsoft VS Code\bin;C:\Users\Sabeshragav\AppData\Local\Programs\mongosh\;C:\Users\Sabeshragav\AppData\Local\Programs\Ollama;C:\Users\Sabeshragav\AppData\Local\Flutter\src\flutter\bin;C:\Users\Sabeshragav\AppData\Local\Programs\cursor\resources\app\bin;C:\Users\Sabeshragav\AppData\Roaming\npm;;c:\Users\Sabeshragav\AppData\Roaming\Code\User\globalStorage\github.copilot-chat\debugCommand;."/>
    <property name="java.vm.info" value="mixed mode, sharing"/>
    <property name="stderr.encoding" value="Cp1252"/>
    <property name="java.vendor" value="Oracle Corporation"/>
    <property name="java.vm.version" value="21.0.5+9-LTS-239"/>
    <property name="sun.io.unicode.encoding" value="UnicodeLittle"/>
    <property name="java.class.version" value="65.0"/>
  </properties>
  <testcase name="testApp" classname="com.devops.example.AppTest" time="0.003"/>
</testsuite>